<?xml version="1.0" encoding="UTF-8"?>
<!-- Generated by org.testng.reporters.JUnitXMLReporter -->
<testsuite hostname="DESKTOP-SE92N12" ignored="0" name="Command line test" tests="6" failures="0" timestamp="08 Jun 2022 11:27:38 GMT" time="6.362" errors="0">
  <testcase name="negative_NoInput" time="0.194" classname="com.tests.SauceDemoUI_Test"/>
  <testcase name="negative_onlyUname_input" time="0.261" classname="com.tests.SauceDemoUI_Test"/>
  <testcase name="negative_Uname_input_OnlyCharas" time="0.262" classname="com.tests.SauceDemoUI_Test"/>
  <testcase name="negative_Uname_input_OnlySpl_Chars" time="0.23" classname="com.tests.SauceDemoUI_Test"/>
  <testcase name="negative_Uname_input_Only_Numericals" time="0.233" classname="com.tests.SauceDemoUI_Test"/>
  <testcase name="negativeTest_Username_input_Numericals_and_SpecialChars" time="0.246" classname="com.tests.SauceDemoUI_Test"/>
</testsuite> <!-- Command line test -->
