<?xml version="1.0" encoding="UTF-8"?>
<testng-results skipped="0" failed="0" ignored="0" total="6" passed="6">
  <reporter-output>
  </reporter-output>
  <suite name="com.tests.SauceDemoUI_Test" duration-ms="6362" started-at="2022-06-08T11:27:31Z" finished-at="2022-06-08T11:27:38Z">
    <groups>
    </groups>
    <test name="Command line test" duration-ms="6362" started-at="2022-06-08T11:27:31Z" finished-at="2022-06-08T11:27:38Z">
      <class name="com.tests.SauceDemoUI_Test">
        <test-method status="PASS" signature="initialization()[pri:0, instance:com.tests.SauceDemoUI_Test@68837a77]" name="initialization" is-config="true" duration-ms="4134" started-at="2022-06-08T11:27:31Z" finished-at="2022-06-08T11:27:35Z">
          <reporter-output>
          </reporter-output>
        </test-method> <!-- initialization -->
        <test-method status="PASS" signature="negative_NoInput()[pri:0, instance:com.tests.SauceDemoUI_Test@68837a77]" name="negative_NoInput" duration-ms="194" started-at="2022-06-08T11:27:35Z" finished-at="2022-06-08T11:27:36Z">
          <reporter-output>
          </reporter-output>
        </test-method> <!-- negative_NoInput -->
        <test-method status="PASS" signature="tearDown(org.testng.ITestResult)[pri:0, instance:com.tests.SauceDemoUI_Test@68837a77]" name="tearDown" is-config="true" duration-ms="3" started-at="2022-06-08T11:27:36Z" finished-at="2022-06-08T11:27:36Z">
          <params>
            <param index="0">
              <value>
                <![CDATA[[TestResult name=negative_NoInput status=SUCCESS method=SauceDemoUI_Test.negative_NoInput()[pri:0, instance:com.tests.SauceDemoUI_Test@68837a77] output={null}]]]>
              </value>
            </param>
          </params>
          <reporter-output>
          </reporter-output>
        </test-method> <!-- tearDown -->
        <test-method status="PASS" signature="negative_onlyUname_input()[pri:1, instance:com.tests.SauceDemoUI_Test@68837a77]" name="negative_onlyUname_input" duration-ms="261" started-at="2022-06-08T11:27:36Z" finished-at="2022-06-08T11:27:36Z">
          <reporter-output>
          </reporter-output>
        </test-method> <!-- negative_onlyUname_input -->
        <test-method status="PASS" signature="tearDown(org.testng.ITestResult)[pri:0, instance:com.tests.SauceDemoUI_Test@68837a77]" name="tearDown" is-config="true" duration-ms="0" started-at="2022-06-08T11:27:36Z" finished-at="2022-06-08T11:27:36Z">
          <params>
            <param index="0">
              <value>
                <![CDATA[[TestResult name=negative_onlyUname_input status=SUCCESS method=SauceDemoUI_Test.negative_onlyUname_input()[pri:1, instance:com.tests.SauceDemoUI_Test@68837a77] output={null}]]]>
              </value>
            </param>
          </params>
          <reporter-output>
          </reporter-output>
        </test-method> <!-- tearDown -->
        <test-method status="PASS" signature="negative_Uname_input_OnlyCharas()[pri:2, instance:com.tests.SauceDemoUI_Test@68837a77]" name="negative_Uname_input_OnlyCharas" duration-ms="262" started-at="2022-06-08T11:27:36Z" finished-at="2022-06-08T11:27:36Z">
          <reporter-output>
          </reporter-output>
        </test-method> <!-- negative_Uname_input_OnlyCharas -->
        <test-method status="PASS" signature="negative_Uname_input_OnlySpl_Chars()[pri:3, instance:com.tests.SauceDemoUI_Test@68837a77]" name="negative_Uname_input_OnlySpl_Chars" duration-ms="230" started-at="2022-06-08T11:27:36Z" finished-at="2022-06-08T11:27:36Z">
          <reporter-output>
          </reporter-output>
        </test-method> <!-- negative_Uname_input_OnlySpl_Chars -->
        <test-method status="PASS" signature="tearDown(org.testng.ITestResult)[pri:0, instance:com.tests.SauceDemoUI_Test@68837a77]" name="tearDown" is-config="true" duration-ms="0" started-at="2022-06-08T11:27:36Z" finished-at="2022-06-08T11:27:36Z">
          <params>
            <param index="0">
              <value>
                <![CDATA[[TestResult name=negative_Uname_input_OnlyCharas status=SUCCESS method=SauceDemoUI_Test.negative_Uname_input_OnlyCharas()[pri:2, instance:com.tests.SauceDemoUI_Test@68837a77] output={null}]]]>
              </value>
            </param>
          </params>
          <reporter-output>
          </reporter-output>
        </test-method> <!-- tearDown -->
        <test-method status="PASS" signature="tearDown(org.testng.ITestResult)[pri:0, instance:com.tests.SauceDemoUI_Test@68837a77]" name="tearDown" is-config="true" duration-ms="0" started-at="2022-06-08T11:27:36Z" finished-at="2022-06-08T11:27:36Z">
          <params>
            <param index="0">
              <value>
                <![CDATA[[TestResult name=negative_Uname_input_OnlySpl_Chars status=SUCCESS method=SauceDemoUI_Test.negative_Uname_input_OnlySpl_Chars()[pri:3, instance:com.tests.SauceDemoUI_Test@68837a77] output={null}]]]>
              </value>
            </param>
          </params>
          <reporter-output>
          </reporter-output>
        </test-method> <!-- tearDown -->
        <test-method status="PASS" signature="negative_Uname_input_Only_Numericals()[pri:4, instance:com.tests.SauceDemoUI_Test@68837a77]" name="negative_Uname_input_Only_Numericals" duration-ms="233" started-at="2022-06-08T11:27:36Z" finished-at="2022-06-08T11:27:37Z">
          <reporter-output>
          </reporter-output>
        </test-method> <!-- negative_Uname_input_Only_Numericals -->
        <test-method status="PASS" signature="tearDown(org.testng.ITestResult)[pri:0, instance:com.tests.SauceDemoUI_Test@68837a77]" name="tearDown" is-config="true" duration-ms="0" started-at="2022-06-08T11:27:37Z" finished-at="2022-06-08T11:27:37Z">
          <params>
            <param index="0">
              <value>
                <![CDATA[[TestResult name=negative_Uname_input_Only_Numericals status=SUCCESS method=SauceDemoUI_Test.negative_Uname_input_Only_Numericals()[pri:4, instance:com.tests.SauceDemoUI_Test@68837a77] output={null}]]]>
              </value>
            </param>
          </params>
          <reporter-output>
          </reporter-output>
        </test-method> <!-- tearDown -->
        <test-method status="PASS" signature="negativeTest_Username_input_Numericals_and_SpecialChars()[pri:5, instance:com.tests.SauceDemoUI_Test@68837a77]" name="negativeTest_Username_input_Numericals_and_SpecialChars" duration-ms="246" started-at="2022-06-08T11:27:37Z" finished-at="2022-06-08T11:27:37Z">
          <reporter-output>
          </reporter-output>
        </test-method> <!-- negativeTest_Username_input_Numericals_and_SpecialChars -->
        <test-method status="PASS" signature="tearDown(org.testng.ITestResult)[pri:0, instance:com.tests.SauceDemoUI_Test@68837a77]" name="tearDown" is-config="true" duration-ms="0" started-at="2022-06-08T11:27:37Z" finished-at="2022-06-08T11:27:37Z">
          <params>
            <param index="0">
              <value>
                <![CDATA[[TestResult name=negativeTest_Username_input_Numericals_and_SpecialChars status=SUCCESS method=SauceDemoUI_Test.negativeTest_Username_input_Numericals_and_SpecialChars()[pri:5, instance:com.tests.SauceDemoUI_Test@68837a77] output={null}]]]>
              </value>
            </param>
          </params>
          <reporter-output>
          </reporter-output>
        </test-method> <!-- tearDown -->
        <test-method status="PASS" signature="quit()[pri:0, instance:com.tests.SauceDemoUI_Test@68837a77]" name="quit" is-config="true" duration-ms="755" started-at="2022-06-08T11:27:37Z" finished-at="2022-06-08T11:27:38Z">
          <reporter-output>
          </reporter-output>
        </test-method> <!-- quit -->
      </class> <!-- com.tests.SauceDemoUI_Test -->
    </test> <!-- Command line test -->
  </suite> <!-- com.tests.SauceDemoUI_Test -->
</testng-results>
