<?xml version="1.0" encoding="UTF-8"?>
<!-- Generated by org.testng.reporters.JUnitXMLReporter -->
<testsuite hostname="DESKTOP-FID49DI" ignored="0" name="Automation_Test_Suite" tests="6" failures="0" timestamp="30 Jun 2021 16:05:41 GMT" time="17.053" errors="0">
  <testcase name="negative_NoInput" time="0.763" classname="com.tests.SauceDemoUI_Test"/>
  <testcase name="negative_onlyUname_input" time="0.686" classname="com.tests.SauceDemoUI_Test"/>
  <testcase name="negative_Uname_input_OnlyCharas" time="0.356" classname="com.tests.SauceDemoUI_Test"/>
  <testcase name="negative_Uname_input_OnlySpl_Chars" time="0.22" classname="com.tests.SauceDemoUI_Test"/>
  <testcase name="negative_Uname_input_Only_Numericals" time="0.246" classname="com.tests.SauceDemoUI_Test"/>
  <testcase name="negativeTest_Username_input_Numericals_and_SpecialChars" time="0.245" classname="com.tests.SauceDemoUI_Test"/>
</testsuite> <!-- Automation_Test_Suite -->
